[INFO] Storage server directory initialized at: data/ss_9002
[INFO] Storage server directory initialized at: data/ss_8080
[INFO] Storage server directory initialized at: data/ss_8080
[INFO] Storage server directory initialized at: data/ss_8081
[INFO] Storage server directory initialized at: data/ss_8080
[INFO] Storage server directory initialized at: data/ss_8080
[INFO] Storage server directory initialized at: data/ss_8080
[INFO] Storage server directory initialized at: data/ss_9002
[INFO] No previous metadata found in data/ss_9002/metadata/metadata.txt — starting fresh.
[INFO] Storage server directory initialized at: data/ss_8080
[INFO] No previous metadata found in data/ss_8080/metadata/metadata.txt — starting fresh.
[INFO] Storage server directory initialized at: data/ss_8080
[INFO] No previous metadata found in data/ss_8080/metadata/metadata.txt — starting fresh.
[INFO] Storage server directory initialized at: data/ss_8080
[INFO] No previous metadata found in data/ss_8080/metadata/metadata.txt — starting fresh.
[INFO] Storage server directory initialized at: data/ss_8080
[INFO] No previous metadata found in data/ss_8080/metadata/metadata.txt — starting fresh.
[INFO] Storage server directory initialized at: data/ss_8080
[INFO] No previous metadata found in data/ss_8080/metadata/metadata.txt — starting fresh.
[INFO] Storage server directory initialized at: data/ss_8080
[INFO] No previous metadata found in data/ss_8080/metadata/metadata.txt — starting fresh.
[INFO] Storage server directory initialized at: data/ss_8080
[INFO] No previous metadata found in data/ss_8080/metadata/metadata.txt — starting fresh.
[INFO] Storage server directory initialized at: data/ss_8080
[INFO] No previous metadata found in data/ss_8080/metadata/metadata.txt — starting fresh.
[INFO] Storage server directory initialized at: data/ss_8080
[INFO] No previous metadata found in data/ss_8080/metadata/metadata.txt — starting fresh.
[INFO] Storage server directory initialized at: data/ss_8080
[INFO] No previous metadata found in data/ss_8080/metadata/metadata.txt — starting fresh.
[INFO] Storage server directory initialized at: data/ss_8080
[INFO] No previous metadata found in data/ss_8080/metadata/metadata.txt — starting fresh.
[INFO] Storage server directory initialized at: data/ss_8080
[INFO] No previous metadata found in data/ss_8080/metadata/metadata.txt — starting fresh.
[INFO] Storage server directory initialized at: data/ss_8080
[INFO] Loaded 3 metadata entries from data/ss_8080/metadata/metadata.txt
[INFO] Storage server directory initialized at: data/ss_9000
[INFO] No previous metadata found in data/ss_9000/metadata/metadata.txt — starting fresh.
[INFO] Storage server directory initialized at: data/ss_9000
[INFO] No previous metadata found in data/ss_9000/metadata/metadata.txt — starting fresh.
[INFO] Storage server directory initialized at: data/ss_9000
[INFO] No previous metadata found in data/ss_9000/metadata/metadata.txt — starting fresh.
[INFO] Storage server directory initialized at: data/ss_9000
[INFO] No previous metadata found in data/ss_9000/metadata/metadata.txt — starting fresh.
[INFO] Storage server directory initialized at: data/ss_9000
[INFO] No previous metadata found in data/ss_9000/metadata/metadata.txt — starting fresh.
[INFO] Storage server directory initialized at: data/ss_9000
[INFO] No previous metadata found in data/ss_9000/metadata/metadata.txt — starting fresh.
[INFO] Storage server directory initialized at: data/ss_9000
[INFO] No previous metadata found in data/ss_9000/metadata/metadata.txt — starting fresh.
[INFO] Storage server directory initialized at: data/ss_9001
[INFO] No previous metadata found in data/ss_9001/metadata/metadata.txt — starting fresh.
[INFO] Storage server directory initialized at: data/ss_9000
[INFO] No previous metadata found in data/ss_9000/metadata/metadata.txt — starting fresh.
[INFO] Storage server directory initialized at: data/ss_9000
[INFO] No previous metadata found in data/ss_9000/metadata/metadata.txt — starting fresh.
[INFO] Storage server directory initialized at: data/ss_9000
[INFO] No previous metadata found in data/ss_9000/metadata/metadata.txt — starting fresh.
[INFO] Storage server directory initialized at: data/ss_9000
[INFO] No previous metadata found in data/ss_9000/metadata/metadata.txt — starting fresh.
[INFO] Storage server directory initialized at: data/ss_9000
[INFO] Loaded 1 metadata entries from data/ss_9000/metadata/metadata.txt
[INFO] Storage server directory initialized at: data/ss_8080
[INFO] No previous metadata found in data/ss_8080/metadata/metadata.txt — starting fresh.
[INFO] Storage server directory initialized at: data/ss_8080
[INFO] No previous metadata found in data/ss_8080/metadata/metadata.txt — starting fresh.
[INFO] Storage server directory initialized at: data/ss_8080
[INFO] No previous metadata found in data/ss_8080/metadata/metadata.txt — starting fresh.
[INFO] Storage server directory initialized at: data/ss_8080
[INFO] Loaded 1 metadata entries from data/ss_8080/metadata/metadata.txt
[INFO] Storage server directory initialized at: data/ss_8080
[INFO] Loaded 1 metadata entries from data/ss_8080/metadata/metadata.txt
[INFO] Storage server directory initialized at: data/ss_8080
[INFO] No previous metadata found in data/ss_8080/metadata/metadata.txt — starting fresh.
[INFO] Storage server directory initialized at: data/ss_8080
[INFO] No previous metadata found in data/ss_8080/metadata/metadata.txt — starting fresh.
[INFO] Storage server directory initialized at: data/ss_8080
[INFO] No previous metadata found in data/ss_8080/metadata/metadata.txt — starting fresh.
[INFO] Storage server directory initialized at: data/ss_8080
[INFO] No previous metadata found in data/ss_8080/metadata/metadata.txt — starting fresh.
[INFO] Storage server directory initialized at: data/ss_8080
[INFO] No previous metadata found in data/ss_8080/metadata/metadata.txt — starting fresh.
[INFO] Storage server directory initialized at: data/ss_8080
[INFO] No previous metadata found in data/ss_8080/metadata/metadata.txt — starting fresh.
[INFO] Storage server directory initialized at: data/ss_8080
[INFO] Loaded 1 metadata entries from data/ss_8080/metadata/metadata.txt
[INFO] Storage server directory initialized at: data/ss_8080
[INFO] No previous metadata found in data/ss_8080/metadata/metadata.txt — starting fresh.
[INFO] Storage server directory initialized at: data/ss_9000
[INFO] No previous metadata found in data/ss_9000/metadata/metadata.txt — starting fresh.
[INFO] Storage server directory initialized at: data/ss_8080
[INFO] No previous metadata found in data/ss_8080/metadata/metadata.txt — starting fresh.
[INFO] Storage server directory initialized at: data/ss_8080
[INFO] No previous metadata found in data/ss_8080/metadata/metadata.txt — starting fresh.
[INFO] Storage server directory initialized at: data/ss_8080
[INFO] Undo system initialized with versions directory: data/ss_8080/versions
[INFO] No previous metadata found in data/ss_8080/metadata/metadata.txt — starting fresh.
[INFO] Storage server directory initialized at: data/ss_8080
[INFO] Undo system initialized with versions directory: data/ss_8080/versions
[INFO] Loaded 1 metadata entries from data/ss_8080/metadata/metadata.txt
[INFO] Storage server directory initialized at: data/ss_8080
[INFO] Undo system initialized with versions directory: data/ss_8080/versions
[INFO] No previous metadata found in data/ss_8080/metadata/metadata.txt — starting fresh.
[INFO] Storage server directory initialized at: data/ss_8080
[INFO] Undo system initialized with versions directory: data/ss_8080/versions
[INFO] No previous metadata found in data/ss_8080/metadata/metadata.txt — starting fresh.
[INFO] Storage server directory initialized at: data/ss_8080
[INFO] Undo system initialized with versions directory: data/ss_8080/versions
[INFO] No previous metadata found in data/ss_8080/metadata/metadata.txt — starting fresh.
[INFO] Storage server directory initialized at: data/ss_8080
[INFO] Undo system initialized with versions directory: data/ss_8080/versions
[INFO] No previous metadata found in data/ss_8080/metadata/metadata.txt — starting fresh.
[INFO] Storage server directory initialized at: data/ss_8080
[INFO] Undo system initialized with versions directory: data/ss_8080/versions
[INFO] No previous metadata found in data/ss_8080/metadata/metadata.txt — starting fresh.
[INFO] Storage server directory initialized at: data/ss_8080
[INFO] Undo system initialized with versions directory: data/ss_8080/versions
[INFO] No previous metadata found in data/ss_8080/metadata/metadata.txt — starting fresh.
[INFO] Storage server directory initialized at: data/ss_8080
[INFO] Undo system initialized with versions directory: data/ss_8080/versions
[INFO] No previous metadata found in data/ss_8080/metadata/metadata.txt — starting fresh.
[INFO] Storage server directory initialized at: data/ss_8080
[INFO] Undo system initialized with versions directory: data/ss_8080/versions
[INFO] No previous metadata found in data/ss_8080/metadata/metadata.txt — starting fresh.
[INFO] Storage server directory initialized at: data/ss_9001
[INFO] Undo system initialized with versions directory: data/ss_9001/versions
[INFO] No previous metadata found in data/ss_9001/metadata/metadata.txt — starting fresh.
[INFO] Storage server directory initialized at: data/ss_9001
[INFO] Undo system initialized with versions directory: data/ss_9001/versions
[INFO] Loaded 3 metadata entries from data/ss_9001/metadata/metadata.txt
[INFO] Storage server directory initialized at: data/ss_8080
[INFO] Undo system initialized with versions directory: data/ss_8080/versions
[INFO] No previous metadata found in data/ss_8080/metadata/metadata.txt — starting fresh.
[INFO] Storage server directory initialized at: data/ss_8080
[INFO] Undo system initialized with versions directory: data/ss_8080/versions
[INFO] No previous metadata found in data/ss_8080/metadata/metadata.txt — starting fresh.
[INFO] Storage server directory initialized at: data/ss_8080
[INFO] Undo system initialized with versions directory: data/ss_8080/versions
[INFO] No previous metadata found in data/ss_8080/metadata/metadata.txt — starting fresh.
[INFO] Storage server directory initialized at: data/ss_8080
[INFO] Undo system initialized with versions directory: data/ss_8080/versions
[INFO] No previous metadata found in data/ss_8080/metadata/metadata.txt — starting fresh.
[INFO] Storage server directory initialized at: data/ss_8080
[INFO] Undo system initialized with versions directory: data/ss_8080/versions
[INFO] No previous metadata found in data/ss_8080/metadata/metadata.txt — starting fresh.
[INFO] Storage server directory initialized at: data/ss_8080
[INFO] Undo system initialized with versions directory: data/ss_8080/versions
[INFO] No previous metadata found in data/ss_8080/metadata/metadata.txt — starting fresh.
[INFO] Storage server directory initialized at: data/ss_8080
[INFO] Undo system initialized with versions directory: data/ss_8080/versions
[INFO] No previous metadata found in data/ss_8080/metadata/metadata.txt — starting fresh.
[INFO] Storage server directory initialized at: data/ss_8080
[INFO] Undo system initialized with versions directory: data/ss_8080/versions
[INFO] No previous metadata found in data/ss_8080/metadata/metadata.txt — starting fresh.
[INFO] Storage server directory initialized at: data/ss_8080
[INFO] Undo system initialized with versions directory: data/ss_8080/versions
[INFO] No previous metadata found in data/ss_8080/metadata/metadata.txt — starting fresh.
[INFO] Storage server directory initialized at: data/ss_8080
[INFO] Undo system initialized with versions directory: data/ss_8080/versions
[INFO] No previous metadata found in data/ss_8080/metadata/metadata.txt — starting fresh.
[INFO] Storage server directory initialized at: data/ss_8080
[INFO] Undo system initialized with versions directory: data/ss_8080/versions
[INFO] No previous metadata found in data/ss_8080/metadata/metadata.txt — starting fresh.
[INFO] Storage server directory initialized at: data/ss_8080
[INFO] Undo system initialized with versions directory: data/ss_8080/versions
[INFO] No previous metadata found in data/ss_8080/metadata/metadata.txt — starting fresh.
[INFO] Storage server directory initialized at: data/ss_8080
[INFO] Undo system initialized with versions directory: data/ss_8080/versions
[INFO] No previous metadata found in data/ss_8080/metadata/metadata.txt — starting fresh.
[INFO] Storage server directory initialized at: data/ss_8080
[INFO] Undo system initialized with versions directory: data/ss_8080/versions
[INFO] No previous metadata found in data/ss_8080/metadata/metadata.txt — starting fresh.
[INFO] Storage server directory initialized at: data/ss_9001
[INFO] Undo system initialized with versions directory: data/ss_9001/versions
[INFO] No previous metadata found in data/ss_9001/metadata/metadata.txt — starting fresh.
[INFO] Storage server directory initialized at: data/ss_9001
[INFO] Undo system initialized with versions directory: data/ss_9001/versions
[INFO] No previous metadata found in data/ss_9001/metadata/metadata.txt — starting fresh.
[INFO] Storage server directory initialized at: data/ss_9001
[INFO] Undo system initialized with versions directory: data/ss_9001/versions
[INFO] No previous metadata found in data/ss_9001/metadata/metadata.txt — starting fresh.
[INFO] Storage server directory initialized at: data/ss_9001
[INFO] Undo system initialized with versions directory: data/ss_9001/versions
[INFO] Loaded 1 metadata entries from data/ss_9001/metadata/metadata.txt
[INFO] Storage server directory initialized at: data/ss_9001
[INFO] Undo system initialized with versions directory: data/ss_9001/versions
[INFO] No previous metadata found in data/ss_9001/metadata/metadata.txt — starting fresh.
[INFO] Storage server directory initialized at: data/ss_9002
[INFO] Undo system initialized with versions directory: data/ss_9002/versions
[INFO] No previous metadata found in data/ss_9002/metadata/metadata.txt — starting fresh.
[INFO] Storage server directory initialized at: data/ss_9001
[INFO] Undo system initialized with versions directory: data/ss_9001/versions
[INFO] Loaded 2 metadata entries from data/ss_9001/metadata/metadata.txt
[INFO] Storage server directory initialized at: data/ss_9001
[INFO] Undo system initialized with versions directory: data/ss_9001/versions
[INFO] Loaded 2 metadata entries from data/ss_9001/metadata/metadata.txt
[INFO] Storage server directory initialized at: data/ss_9001
[INFO] Undo system initialized with versions directory: data/ss_9001/versions
[INFO] Loaded 2 metadata entries from data/ss_9001/metadata/metadata.txt
[INFO] Storage server directory initialized at: data/ss_9001
[INFO] Undo system initialized with versions directory: data/ss_9001/versions
[INFO] Loaded 2 metadata entries from data/ss_9001/metadata/metadata.txt
[INFO] Storage server directory initialized at: data/ss_9003
[INFO] Undo system initialized with versions directory: data/ss_9003/versions
[INFO] No previous metadata found in data/ss_9003/metadata/metadata.txt — starting fresh.
[INFO] Storage server directory initialized at: data/ss_9001
[INFO] Undo system initialized with versions directory: data/ss_9001/versions
[INFO] No previous metadata found in data/ss_9001/metadata/metadata.txt — starting fresh.
[INFO] Storage server directory initialized at: data/ss_9001
[INFO] Undo system initialized with versions directory: data/ss_9001/versions
[INFO] No previous metadata found in data/ss_9001/metadata/metadata.txt — starting fresh.
[INFO] Storage server directory initialized at: data/ss_9001
[INFO] Undo system initialized with versions directory: data/ss_9001/versions
[INFO] No previous metadata found in data/ss_9001/metadata/metadata.txt — starting fresh.
[INFO] Storage server directory initialized at: data/ss_9001
[INFO] Undo system initialized with versions directory: data/ss_9001/versions
[INFO] No previous metadata found in data/ss_9001/metadata/metadata.txt — starting fresh.
[INFO] Storage server directory initialized at: data/ss_9001
[INFO] Undo system initialized with versions directory: data/ss_9001/versions
[INFO] No previous metadata found in data/ss_9001/metadata/metadata.txt — starting fresh.
[INFO] Storage server directory initialized at: data/ss_9001
[INFO] Undo system initialized with versions directory: data/ss_9001/versions
[INFO] No previous metadata found in data/ss_9001/metadata/metadata.txt — starting fresh.
[INFO] Storage server directory initialized at: data/ss_9001
[INFO] Undo system initialized with versions directory: data/ss_9001/versions
[INFO] No previous metadata found in data/ss_9001/metadata/metadata.txt — starting fresh.
[INFO] Storage server directory initialized at: data/ss_9001
[INFO] Undo system initialized with versions directory: data/ss_9001/versions
[INFO] No previous metadata found in data/ss_9001/metadata/metadata.txt — starting fresh.
[INFO] Storage server directory initialized at: data/ss_9002
[INFO] Undo system initialized with versions directory: data/ss_9002/versions
[INFO] No previous metadata found in data/ss_9002/metadata/metadata.txt — starting fresh.
[INFO] Storage server directory initialized at: data/ss_9001
[INFO] Undo system initialized with versions directory: data/ss_9001/versions
[INFO] No previous metadata found in data/ss_9001/metadata/metadata.txt — starting fresh.
[INFO] Storage server directory initialized at: data/ss_9002
[INFO] Undo system initialized with versions directory: data/ss_9002/versions
[INFO] No previous metadata found in data/ss_9002/metadata/metadata.txt — starting fresh.
[INFO] Storage server directory initialized at: data/ss_9001
[INFO] Undo system initialized with versions directory: data/ss_9001/versions
[INFO] Loaded 2 metadata entries from data/ss_9001/metadata/metadata.txt
[INFO] Storage server directory initialized at: data/ss_9002
[INFO] Undo system initialized with versions directory: data/ss_9002/versions
[INFO] Loaded 2 metadata entries from data/ss_9002/metadata/metadata.txt
[INFO] Storage server directory initialized at: data/ss_9001
[INFO] Undo system initialized with versions directory: data/ss_9001/versions
[INFO] Loaded 2 metadata entries from data/ss_9001/metadata/metadata.txt
[INFO] Storage server directory initialized at: data/ss_9002
[INFO] Undo system initialized with versions directory: data/ss_9002/versions
[INFO] Loaded 2 metadata entries from data/ss_9002/metadata/metadata.txt
[INFO] Storage server directory initialized at: data/ss_9001
[INFO] Undo system initialized with versions directory: data/ss_9001/versions
[INFO] No previous metadata found in data/ss_9001/metadata/metadata.txt — starting fresh.
[INFO] Storage server directory initialized at: data/ss_9001
[INFO] Undo system initialized with versions directory: data/ss_9001/versions
[INFO] Loaded 1 metadata entries from data/ss_9001/metadata/metadata.txt
[INFO] Storage server directory initialized at: data/ss_9001
[INFO] Undo system initialized with versions directory: data/ss_9001/versions
[INFO] No previous metadata found in data/ss_9001/metadata/metadata.txt — starting fresh.
[INFO] Storage server directory initialized at: data/ss_9002
[INFO] Undo system initialized with versions directory: data/ss_9002/versions
[INFO] No previous metadata found in data/ss_9002/metadata/metadata.txt — starting fresh.
[INFO] Storage server directory initialized at: data/ss_9001
[INFO] Undo system initialized with versions directory: data/ss_9001/versions
[INFO] No previous metadata found in data/ss_9001/metadata/metadata.txt — starting fresh.
[INFO] Storage server directory initialized at: data/ss_9001
[INFO] Undo system initialized with versions directory: data/ss_9001/versions
[INFO] No previous metadata found in data/ss_9001/metadata/metadata.txt — starting fresh.
[INFO] Storage server directory initialized at: data/ss_9001
[INFO] Undo system initialized with versions directory: data/ss_9001/versions
[INFO] Loaded 2 metadata entries from data/ss_9001/metadata/metadata.txt
[INFO] Storage server directory initialized at: data/ss_9002
[INFO] Undo system initialized with versions directory: data/ss_9002/versions
[INFO] No previous metadata found in data/ss_9002/metadata/metadata.txt — starting fresh.
[INFO] Storage server directory initialized at: data/ss_9001
[INFO] Undo system initialized with versions directory: data/ss_9001/versions
[INFO] No previous metadata found in data/ss_9001/metadata/metadata.txt — starting fresh.
[INFO] Storage server directory initialized at: data/ss_9001
[INFO] Undo system initialized with versions directory: data/ss_9001/versions
[INFO] No previous metadata found in data/ss_9001/metadata/metadata.txt — starting fresh.
[INFO] Storage server directory initialized at: data/ss_9001
[INFO] Undo system initialized with versions directory: data/ss_9001/versions
[INFO] No previous metadata found in data/ss_9001/metadata/metadata.txt — starting fresh.
[INFO] Storage server directory initialized at: data/ss_9001
[INFO] Undo system initialized with versions directory: data/ss_9001/versions
[INFO] No previous metadata found in data/ss_9001/metadata/metadata.txt — starting fresh.
[INFO] Storage server directory initialized at: data/ss_9001
[INFO] Undo system initialized with versions directory: data/ss_9001/versions
[INFO] No previous metadata found in data/ss_9001/metadata/metadata.txt — starting fresh.
[INFO] Storage server directory initialized at: data/ss_9001
[INFO] Undo system initialized with versions directory: data/ss_9001/versions
[INFO] Loaded 1 metadata entries from data/ss_9001/metadata/metadata.txt
[INFO] Storage server directory initialized at: data/ss_9001
[INFO] Undo system initialized with versions directory: data/ss_9001/versions
[INFO] No previous metadata found in data/ss_9001/metadata/metadata.txt — starting fresh.
[INFO] Storage server directory initialized at: data/ss_9001
[INFO] Undo system initialized with versions directory: data/ss_9001/versions
[INFO] Loaded 1 metadata entries from data/ss_9001/metadata/metadata.txt
[INFO] Storage server directory initialized at: data/ss_9001
[INFO] Undo system initialized with versions directory: data/ss_9001/versions
[INFO] No previous metadata found in data/ss_9001/metadata/metadata.txt — starting fresh.
[INFO] Storage server directory initialized at: data/ss_9001
[INFO] Undo system initialized with versions directory: data/ss_9001/versions
[INFO] Loaded 1 metadata entries from data/ss_9001/metadata/metadata.txt
[INFO] Storage server directory initialized at: data/ss_9001
[INFO] Undo system initialized with versions directory: data/ss_9001/versions
[INFO] Loaded 1 metadata entries from data/ss_9001/metadata/metadata.txt
[INFO] Storage server directory initialized at: data/ss_9001
[INFO] Undo system initialized with versions directory: data/ss_9001/versions
[INFO] No previous metadata found in data/ss_9001/metadata/metadata.txt — starting fresh.
[INFO] Storage server directory initialized at: data/ss_9001
[INFO] Undo system initialized with versions directory: data/ss_9001/versions
[INFO] No previous metadata found in data/ss_9001/metadata/metadata.txt — starting fresh.
[INFO] Storage server directory initialized at: data/ss_9001
[INFO] Undo system initialized with versions directory: data/ss_9001/versions
[INFO] No previous metadata found in data/ss_9001/metadata/metadata.txt — starting fresh.
[INFO] Storage server directory initialized at: data/ss_9001
[INFO] Undo system initialized with versions directory: data/ss_9001/versions
[INFO] Loaded 1 metadata entries from data/ss_9001/metadata/metadata.txt
[INFO] Storage server directory initialized at: data/ss_9001
[INFO] Undo system initialized with versions directory: data/ss_9001/versions
[INFO] Loaded 1 metadata entries from data/ss_9001/metadata/metadata.txt
[INFO] Storage server directory initialized at: data/ss_9001
[INFO] Undo system initialized with versions directory: data/ss_9001/versions
[INFO] No previous metadata found in data/ss_9001/metadata/metadata.txt — starting fresh.
[INFO] Storage server directory initialized at: data/ss_9001
[INFO] Undo system initialized with versions directory: data/ss_9001/versions
[INFO] No previous metadata found in data/ss_9001/metadata/metadata.txt — starting fresh.
[INFO] Storage server directory initialized at: data/ss_9001
[INFO] Undo system initialized with versions directory: data/ss_9001/versions
[INFO] Loaded 1 metadata entries from data/ss_9001/metadata/metadata.txt
[INFO] Storage server directory initialized at: data/ss_9001
[INFO] Undo system initialized with versions directory: data/ss_9001/versions
[INFO] No previous metadata found in data/ss_9001/metadata/metadata.txt — starting fresh.
[INFO] Storage server directory initialized at: data/ss_9001
[INFO] Undo system initialized with versions directory: data/ss_9001/versions
[INFO] No previous metadata found in data/ss_9001/metadata/metadata.txt — starting fresh.
[INFO] Storage server directory initialized at: data/ss_9001
[INFO] Undo system initialized with versions directory: data/ss_9001/versions
[INFO] Loaded 1 metadata entries from data/ss_9001/metadata/metadata.txt
[INFO] Storage server directory initialized at: data/ss_9001
[INFO] Undo system initialized with versions directory: data/ss_9001/versions
[INFO] Loaded 1 metadata entries from data/ss_9001/metadata/metadata.txt
[INFO] Storage server directory initialized at: data/ss_9001
[INFO] Undo system initialized with versions directory: data/ss_9001/versions
[INFO] No previous metadata found in data/ss_9001/metadata/metadata.txt — starting fresh.
[INFO] Storage server directory initialized at: data/ss_9001
[INFO] Undo system initialized with versions directory: data/ss_9001/versions
[INFO] No previous metadata found in data/ss_9001/metadata/metadata.txt — starting fresh.
[INFO] Storage server directory initialized at: data/ss_9001
[INFO] Undo system initialized with versions directory: data/ss_9001/versions
[INFO] No previous metadata found in data/ss_9001/metadata/metadata.txt — starting fresh.
[INFO] Storage server directory initialized at: data/ss_9001
[INFO] Undo system initialized with versions directory: data/ss_9001/versions
[INFO] No previous metadata found in data/ss_9001/metadata/metadata.txt — starting fresh.
[INFO] Storage server directory initialized at: data/ss_9000
[INFO] Undo system initialized with versions directory: data/ss_9000/versions
[INFO] No previous metadata found in data/ss_9000/metadata/metadata.txt — starting fresh.
[INFO] Storage server directory initialized at: data/ss_9000
[INFO] Undo system initialized with versions directory: data/ss_9000/versions
[INFO] No previous metadata found in data/ss_9000/metadata/metadata.txt — starting fresh.
[INFO] Storage server directory initialized at: data/ss_9000
[INFO] Undo system initialized with versions directory: data/ss_9000/versions
[INFO] No previous metadata found in data/ss_9000/metadata/metadata.txt — starting fresh.
[INFO] Storage server directory initialized at: data/ss_9000
[INFO] Undo system initialized with versions directory: data/ss_9000/versions
[INFO] No previous metadata found in data/ss_9000/metadata/metadata.txt — starting fresh.
[INFO] Storage server directory initialized at: data/ss_9001
[INFO] Undo system initialized with versions directory: data/ss_9001/versions
[INFO] No previous metadata found in data/ss_9001/metadata/metadata.txt — starting fresh.
[INFO] Storage server directory initialized at: data/ss_9001
[INFO] Undo system initialized with versions directory: data/ss_9001/versions
[INFO] No previous metadata found in data/ss_9001/metadata/metadata.txt — starting fresh.
[INFO] Storage server directory initialized at: data/ss_9001
[INFO] Undo system initialized with versions directory: data/ss_9001/versions
[INFO] No previous metadata found in data/ss_9001/metadata/metadata.txt — starting fresh.
[INFO] Storage server directory initialized at: data/ss_9002
[INFO] Undo system initialized with versions directory: data/ss_9002/versions
[INFO] No previous metadata found in data/ss_9002/metadata/metadata.txt — starting fresh.
[INFO] Storage server directory initialized at: data/ss_9001
[INFO] Undo system initialized with versions directory: data/ss_9001/versions
[INFO] No previous metadata found in data/ss_9001/metadata/metadata.txt — starting fresh.
[INFO] Storage server directory initialized at: data/ss_9000
[INFO] Undo system initialized with versions directory: data/ss_9000/versions
[INFO] No previous metadata found in data/ss_9000/metadata/metadata.txt — starting fresh.
[INFO] Storage server directory initialized at: data/ss_9002
[INFO] Undo system initialized with versions directory: data/ss_9002/versions
[INFO] No previous metadata found in data/ss_9002/metadata/metadata.txt — starting fresh.
[INFO] Storage server directory initialized at: data/ss_9001
[INFO] Undo system initialized with versions directory: data/ss_9001/versions
[INFO] No previous metadata found in data/ss_9001/metadata/metadata.txt — starting fresh.
[INFO] Storage server directory initialized at: data/ss_9000
[INFO] Undo system initialized with versions directory: data/ss_9000/versions
[INFO] No previous metadata found in data/ss_9000/metadata/metadata.txt — starting fresh.
[INFO] Storage server directory initialized at: data/ss_9002
[INFO] Undo system initialized with versions directory: data/ss_9002/versions
[INFO] No previous metadata found in data/ss_9002/metadata/metadata.txt — starting fresh.
[INFO] Storage server directory initialized at: data/ss_9001
[INFO] Undo system initialized with versions directory: data/ss_9001/versions
[INFO] No previous metadata found in data/ss_9001/metadata/metadata.txt — starting fresh.
[INFO] Storage server directory initialized at: data/ss_9000
[INFO] Undo system initialized with versions directory: data/ss_9000/versions
[INFO] No previous metadata found in data/ss_9000/metadata/metadata.txt — starting fresh.
[INFO] Storage server directory initialized at: data/ss_9002
[INFO] Undo system initialized with versions directory: data/ss_9002/versions
[INFO] No previous metadata found in data/ss_9002/metadata/metadata.txt — starting fresh.
[INFO] Storage server directory initialized at: data/ss_9001
[INFO] Undo system initialized with versions directory: data/ss_9001/versions
[INFO] No previous metadata found in data/ss_9001/metadata/metadata.txt — starting fresh.
[INFO] Storage server directory initialized at: data/ss_9002
[INFO] Undo system initialized with versions directory: data/ss_9002/versions
[INFO] No previous metadata found in data/ss_9002/metadata/metadata.txt — starting fresh.
[INFO] Storage server directory initialized at: data/ss_9002
[INFO] Undo system initialized with versions directory: data/ss_9002/versions
[INFO] No previous metadata found in data/ss_9002/metadata/metadata.txt — starting fresh.
[INFO] Storage server directory initialized at: data/ss_9002
[INFO] Undo system initialized with versions directory: data/ss_9002/versions
[INFO] No previous metadata found in data/ss_9002/metadata/metadata.txt — starting fresh.
[INFO] Storage server directory initialized at: data/ss_9001
[INFO] Undo system initialized with versions directory: data/ss_9001/versions
[INFO] No previous metadata found in data/ss_9001/metadata/metadata.txt — starting fresh.
[INFO] Storage server directory initialized at: data/ss_9001
[INFO] Undo system initialized with versions directory: data/ss_9001/versions
[INFO] No previous metadata found in data/ss_9001/metadata/metadata.txt — starting fresh.
[INFO] Storage server directory initialized at: data/ss_9000
[INFO] Undo system initialized with versions directory: data/ss_9000/versions
[INFO] No previous metadata found in data/ss_9000/metadata/metadata.txt — starting fresh.
[INFO] Storage server directory initialized at: data/ss_9001
[INFO] Undo system initialized with versions directory: data/ss_9001/versions
[INFO] No previous metadata found in data/ss_9001/metadata/metadata.txt — starting fresh.
[INFO] Storage server directory initialized at: data/ss_9002
[INFO] Undo system initialized with versions directory: data/ss_9002/versions
[INFO] No previous metadata found in data/ss_9002/metadata/metadata.txt — starting fresh.
<<<<<<< HEAD
[INFO] Storage server directory initialized at: data/ss_9000
[INFO] Undo system initialized with versions directory: data/ss_9000/versions
[INFO] No previous metadata found in data/ss_9000/metadata/metadata.txt — starting fresh.
[INFO] Storage server directory initialized at: data/ss_9000
[INFO] Undo system initialized with versions directory: data/ss_9000/versions
[INFO] Loaded 1 metadata entries from data/ss_9000/metadata/metadata.txt
[INFO] Storage server directory initialized at: data/ss_9000
[INFO] Undo system initialized with versions directory: data/ss_9000/versions
[INFO] No previous metadata found in data/ss_9000/metadata/metadata.txt — starting fresh.
[INFO] Storage server directory initialized at: data/ss_9000
[INFO] Undo system initialized with versions directory: data/ss_9000/versions
[INFO] No previous metadata found in data/ss_9000/metadata/metadata.txt — starting fresh.
=======
[INFO] Storage server directory initialized at: data/ss_9001
[INFO] Undo system initialized with versions directory: data/ss_9001/versions
[INFO] No previous metadata found in data/ss_9001/metadata/metadata.txt — starting fresh.
[INFO] Storage server directory initialized at: data/ss_9001
[INFO] Undo system initialized with versions directory: data/ss_9001/versions
[INFO] No previous metadata found in data/ss_9001/metadata/metadata.txt — starting fresh.
>>>>>>> 5cc00d0ce630cfc17224613e317e8cda8dc2acea
[INFO] Storage server directory initialized at: data/ss_9000
[INFO] Undo system initialized with versions directory: data/ss_9000/versions
[INFO] No previous metadata found in data/ss_9000/metadata/metadata.txt — starting fresh.
[INFO] Storage server directory initialized at: data/ss_9000
[INFO] Undo system initialized with versions directory: data/ss_9000/versions
[INFO] No previous metadata found in data/ss_9000/metadata/metadata.txt — starting fresh.
[INFO] Storage server directory initialized at: data/ss_9000
[INFO] Undo system initialized with versions directory: data/ss_9000/versions
[INFO] Access requests directory initialized: data/ss_9000/access_requests
[INFO] Checkpoints directory initialized: data/ss_9000/checkpoints
[INFO] No previous metadata found in data/ss_9000/metadata/metadata.txt — starting fresh.
[INFO] Storage server directory initialized at: data/ss_9000
[INFO] Undo system initialized with versions directory: data/ss_9000/versions
[INFO] Access requests directory initialized: data/ss_9000/access_requests
[INFO] Checkpoints directory initialized: data/ss_9000/checkpoints
[INFO] No previous metadata found in data/ss_9000/metadata/metadata.txt — starting fresh.
[INFO] Storage server directory initialized at: data/ss_9000
[INFO] Undo system initialized with versions directory: data/ss_9000/versions
[INFO] Access requests directory initialized: data/ss_9000/access_requests
[INFO] Checkpoints directory initialized: data/ss_9000/checkpoints
[INFO] No previous metadata found in data/ss_9000/metadata/metadata.txt — starting fresh.
[INFO] Storage server directory initialized at: data/ss_9000
[INFO] Undo system initialized with versions directory: data/ss_9000/versions
[INFO] Access requests directory initialized: data/ss_9000/access_requests
[INFO] Checkpoints directory initialized: data/ss_9000/checkpoints
[INFO] No previous metadata found in data/ss_9000/metadata/metadata.txt — starting fresh.
[INFO] Storage server directory initialized at: data/ss_9000
[INFO] Undo system initialized with versions directory: data/ss_9000/versions
[INFO] Access requests directory initialized: data/ss_9000/access_requests
[INFO] Checkpoints directory initialized: data/ss_9000/checkpoints
[INFO] No previous metadata found in data/ss_9000/metadata/metadata.txt — starting fresh.
[INFO] Storage server directory initialized at: data/ss_9000
[INFO] Undo system initialized with versions directory: data/ss_9000/versions
[INFO] Access requests directory initialized: data/ss_9000/access_requests
[INFO] Checkpoints directory initialized: data/ss_9000/checkpoints
[INFO] No previous metadata found in data/ss_9000/metadata/metadata.txt — starting fresh.
[INFO] Storage server directory initialized at: data/ss_9002
[INFO] Undo system initialized with versions directory: data/ss_9002/versions
[INFO] Access requests directory initialized: data/ss_9002/access_requests
[INFO] Checkpoints directory initialized: data/ss_9002/checkpoints
[INFO] No previous metadata found in data/ss_9002/metadata/metadata.txt — starting fresh.
[INFO] Storage server directory initialized at: data/ss_9001
[INFO] Undo system initialized with versions directory: data/ss_9001/versions
[INFO] Access requests directory initialized: data/ss_9001/access_requests
[INFO] Checkpoints directory initialized: data/ss_9001/checkpoints
[INFO] No previous metadata found in data/ss_9001/metadata/metadata.txt — starting fresh.
[INFO] Storage server directory initialized at: data/ss_9002
[INFO] Undo system initialized with versions directory: data/ss_9002/versions
[INFO] Access requests directory initialized: data/ss_9002/access_requests
[INFO] Checkpoints directory initialized: data/ss_9002/checkpoints
[INFO] No previous metadata found in data/ss_9002/metadata/metadata.txt — starting fresh.
[INFO] Storage server directory initialized at: data/ss_9001
[INFO] Undo system initialized with versions directory: data/ss_9001/versions
[INFO] Access requests directory initialized: data/ss_9001/access_requests
[INFO] Checkpoints directory initialized: data/ss_9001/checkpoints
[INFO] Loaded 2 metadata entries from data/ss_9001/metadata/metadata.txt
[INFO] Storage server directory initialized at: data/ss_9002
[INFO] Undo system initialized with versions directory: data/ss_9002/versions
[INFO] Access requests directory initialized: data/ss_9002/access_requests
[INFO] Checkpoints directory initialized: data/ss_9002/checkpoints
[INFO] Loaded 1 metadata entries from data/ss_9002/metadata/metadata.txt
[INFO] Storage server directory initialized at: data/ss_9001
[INFO] Undo system initialized with versions directory: data/ss_9001/versions
[INFO] Access requests directory initialized: data/ss_9001/access_requests
[INFO] Checkpoints directory initialized: data/ss_9001/checkpoints
[INFO] No previous metadata found in data/ss_9001/metadata/metadata.txt — starting fresh.
[INFO] Storage server directory initialized at: data/ss_9002
[INFO] Undo system initialized with versions directory: data/ss_9002/versions
[INFO] Access requests directory initialized: data/ss_9002/access_requests
[INFO] Checkpoints directory initialized: data/ss_9002/checkpoints
[INFO] No previous metadata found in data/ss_9002/metadata/metadata.txt — starting fresh.
[INFO] Storage server directory initialized at: data/ss_9001
[INFO] Undo system initialized with versions directory: data/ss_9001/versions
[INFO] Access requests directory initialized: data/ss_9001/access_requests
[INFO] Checkpoints directory initialized: data/ss_9001/checkpoints
[INFO] No previous metadata found in data/ss_9001/metadata/metadata.txt — starting fresh.
[INFO] Storage server directory initialized at: data/ss_9001
[INFO] Undo system initialized with versions directory: data/ss_9001/versions
[INFO] Access requests directory initialized: data/ss_9001/access_requests
[INFO] Checkpoints directory initialized: data/ss_9001/checkpoints
[INFO] No previous metadata found in data/ss_9001/metadata/metadata.txt — starting fresh.
[INFO] Storage server directory initialized at: data/ss_9002
[INFO] Undo system initialized with versions directory: data/ss_9002/versions
[INFO] Access requests directory initialized: data/ss_9002/access_requests
[INFO] Checkpoints directory initialized: data/ss_9002/checkpoints
[INFO] No previous metadata found in data/ss_9002/metadata/metadata.txt — starting fresh.
[INFO] Storage server directory initialized at: data/ss_9001
[INFO] Undo system initialized with versions directory: data/ss_9001/versions
[INFO] Access requests directory initialized: data/ss_9001/access_requests
[INFO] Checkpoints directory initialized: data/ss_9001/checkpoints
[INFO] No previous metadata found in data/ss_9001/metadata/metadata.txt — starting fresh.
[INFO] Storage server directory initialized at: data/ss_9001
[INFO] Undo system initialized with versions directory: data/ss_9001/versions
[INFO] Access requests directory initialized: data/ss_9001/access_requests
[INFO] Checkpoints directory initialized: data/ss_9001/checkpoints
[INFO] No previous metadata found in data/ss_9001/metadata/metadata.txt — starting fresh.
[INFO] Storage server directory initialized at: data/ss_9002
[INFO] Undo system initialized with versions directory: data/ss_9002/versions
[INFO] Access requests directory initialized: data/ss_9002/access_requests
[INFO] Checkpoints directory initialized: data/ss_9002/checkpoints
[INFO] No previous metadata found in data/ss_9002/metadata/metadata.txt — starting fresh.
[INFO] Storage server directory initialized at: data/ss_9002
[INFO] Undo system initialized with versions directory: data/ss_9002/versions
[INFO] Access requests directory initialized: data/ss_9002/access_requests
[INFO] Checkpoints directory initialized: data/ss_9002/checkpoints
[INFO] Loaded 1 metadata entries from data/ss_9002/metadata/metadata.txt
[INFO] Storage server directory initialized at: data/ss_9001
[INFO] Undo system initialized with versions directory: data/ss_9001/versions
[INFO] Access requests directory initialized: data/ss_9001/access_requests
[INFO] Checkpoints directory initialized: data/ss_9001/checkpoints
[INFO] No previous metadata found in data/ss_9001/metadata/metadata.txt — starting fresh.
